<?xml version="1.0" encoding="UTF-8"?>
<robot generator="Robot 4.0.3 (Python 3.8.5 on win32)" generated="20210601 20:12:18.758" rpa="false" schemaversion="2">
<suite id="s1" name="Test-Openpyxl" source="D:\Projects\Python\robotframework-openpyxl\tests\test-openpyxl.robot">
<test id="s1-t1" name="Test New Sheet">
<kw name="Open Workbook" library="open_pyxl">
<arg>output</arg>
<arg>TestBook.xlsx</arg>
<kw name="Load Workbook" library="pyxl">
<var>${value}</var>
<arg>${Path}</arg>
<arg>${Book Name}</arg>
<msg timestamp="20210601 20:12:19.525" level="INFO">${value} = None</msg>
<status status="PASS" starttime="20210601 20:12:19.500" endtime="20210601 20:12:19.525"/>
</kw>
<status status="PASS" starttime="20210601 20:12:19.499" endtime="20210601 20:12:19.526"/>
</kw>
<kw name="Add Sheet" library="open_pyxl">
<arg>New Sheet</arg>
<kw name="Add Sheet" library="pyxl">
<arg>${Sheet Name}</arg>
<arg>${Position}</arg>
<status status="PASS" starttime="20210601 20:12:19.527" endtime="20210601 20:12:19.528"/>
</kw>
<status status="PASS" starttime="20210601 20:12:19.526" endtime="20210601 20:12:19.528"/>
</kw>
<kw name="Close Workbook" library="open_pyxl">
<doc>The keywords to close the created workbook.</doc>
<kw name="Close Workbook" library="pyxl">
<status status="PASS" starttime="20210601 20:12:19.529" endtime="20210601 20:12:19.582"/>
</kw>
<status status="PASS" starttime="20210601 20:12:19.529" endtime="20210601 20:12:19.582"/>
</kw>
<status status="PASS" starttime="20210601 20:12:19.499" endtime="20210601 20:12:19.582"/>
</test>
<test id="s1-t2" name="Test Cell Value">
<kw name="Open Workbook" library="open_pyxl">
<arg>output</arg>
<arg>TestBook.xlsx</arg>
<kw name="Load Workbook" library="pyxl">
<var>${value}</var>
<arg>${Path}</arg>
<arg>${Book Name}</arg>
<msg timestamp="20210601 20:12:19.607" level="INFO">${value} = None</msg>
<status status="PASS" starttime="20210601 20:12:19.584" endtime="20210601 20:12:19.607"/>
</kw>
<status status="PASS" starttime="20210601 20:12:19.584" endtime="20210601 20:12:19.607"/>
</kw>
<kw name="Get Active Sheet Name" library="open_pyxl">
<doc>Get Active Sheet Name in the current workbook.</doc>
<kw name="Active Sheet Name" library="pyxl">
<var>${value}</var>
<msg timestamp="20210601 20:12:19.608" level="INFO">${value} = New Sheet3</msg>
<status status="PASS" starttime="20210601 20:12:19.608" endtime="20210601 20:12:19.608"/>
</kw>
<status status="PASS" starttime="20210601 20:12:19.607" endtime="20210601 20:12:19.608"/>
</kw>
<kw name="Set Cell Value" library="open_pyxl">
<arg>${1}</arg>
<arg>${2}</arg>
<arg>New Data</arg>
<kw name="Set Cell Value" library="pyxl">
<arg>${row}</arg>
<arg>${col}</arg>
<arg>${value}</arg>
<status status="PASS" starttime="20210601 20:12:19.609" endtime="20210601 20:12:19.610"/>
</kw>
<status status="PASS" starttime="20210601 20:12:19.608" endtime="20210601 20:12:19.610"/>
</kw>
<kw name="Get Cell Value" library="open_pyxl">
<var>${value}</var>
<arg>${1}</arg>
<arg>${2}</arg>
<kw name="Get Cell Value" library="pyxl">
<var>${value}</var>
<arg>${row}</arg>
<arg>${col}</arg>
<msg timestamp="20210601 20:12:19.612" level="INFO">${value} = New Data</msg>
<status status="PASS" starttime="20210601 20:12:19.611" endtime="20210601 20:12:19.612"/>
</kw>
<msg timestamp="20210601 20:12:19.612" level="INFO">${value} = New Data</msg>
<status status="PASS" starttime="20210601 20:12:19.610" endtime="20210601 20:12:19.612"/>
</kw>
<kw name="Close Workbook" library="open_pyxl">
<doc>The keywords to close the created workbook.</doc>
<kw name="Close Workbook" library="pyxl">
<status status="PASS" starttime="20210601 20:12:19.612" endtime="20210601 20:12:19.655"/>
</kw>
<status status="PASS" starttime="20210601 20:12:19.612" endtime="20210601 20:12:19.655"/>
</kw>
<status status="PASS" starttime="20210601 20:12:19.583" endtime="20210601 20:12:19.656"/>
</test>
<doc>Test Open Pyxl Robot file Wrapper</doc>
<status status="PASS" starttime="20210601 20:12:18.762" endtime="20210601 20:12:19.656"/>
</suite>
<statistics>
<total>
<stat pass="2" fail="0" skip="0">All Tests</stat>
</total>
<tag>
</tag>
<suite>
<stat pass="2" fail="0" skip="0" id="s1" name="Test-Openpyxl">Test-Openpyxl</stat>
</suite>
</statistics>
<errors>
</errors>
</robot>
