<?xml version="1.0" encoding="UTF-8"?>
<robot generator="Robot 4.0.3 (Python 3.8.5 on win32)" generated="20210529 13:51:04.290" rpa="false" schemaversion="2">
<suite id="s1" name="Test-Openpyxl" source="D:\Projects\Python\robotframework-openpyxl\tests\test-openpyxl.robot">
<test id="s1-t1" name="Test Create Workbook">
<kw name="Create Workbook" library="open_pyxl">
<arg>output</arg>
<arg>TestBook</arg>
<arg>TestSheet</arg>
<arg>${0}</arg>
<kw name="Create New Workbook" library="OpenRobotPyxl">
<arg>${PATH}</arg>
<arg>${BOOK_NAME}</arg>
<arg>${SHEET_NAME}</arg>
<arg>${POSTION}</arg>
<status status="PASS" starttime="20210529 13:51:04.723" endtime="20210529 13:51:04.749"/>
</kw>
<status status="PASS" starttime="20210529 13:51:04.722" endtime="20210529 13:51:04.751"/>
</kw>
<kw name="Active Sheet" library="open_pyxl">
<var>${Sheet Name}</var>
<msg timestamp="20210529 13:51:04.751" level="INFO">${Sheet Name} = Get Active Sheet</msg>
<status status="PASS" starttime="20210529 13:51:04.751" endtime="20210529 13:51:04.751"/>
</kw>
<status status="PASS" starttime="20210529 13:51:04.721" endtime="20210529 13:51:04.751"/>
</test>
<doc>Test Open Pyxl Robot file Wrapper</doc>
<status status="PASS" starttime="20210529 13:51:04.292" endtime="20210529 13:51:04.752"/>
</suite>
<statistics>
<total>
<stat pass="1" fail="0" skip="0">All Tests</stat>
</total>
<tag>
</tag>
<suite>
<stat pass="1" fail="0" skip="0" id="s1" name="Test-Openpyxl">Test-Openpyxl</stat>
</suite>
</statistics>
<errors>
</errors>
</robot>
